2025-09-16 00:24:38 [HikariPool-3:housekeeper] WARN  com.zaxxer.hikari.pool.HikariPool - HikariPool-3 - Thread starvation or clock leap detected (housekeeper delta=28m5s554ms).
2025-09-16 01:31:41 [HikariPool-3:housekeeper] WARN  com.zaxxer.hikari.pool.HikariPool - HikariPool-3 - Thread starvation or clock leap detected (housekeeper delta=1h7m2s647ms).
2025-09-16 02:24:50 [HikariPool-3:housekeeper] WARN  com.zaxxer.hikari.pool.HikariPool - HikariPool-3 - Thread starvation or clock leap detected (housekeeper delta=53m9s358ms).
2025-09-16 04:03:23 [HikariPool-3:housekeeper] WARN  com.zaxxer.hikari.pool.HikariPool - HikariPool-3 - Thread starvation or clock leap detected (housekeeper delta=1h38m32s896ms).
2025-09-16 04:56:57 [HikariPool-3:housekeeper] WARN  com.zaxxer.hikari.pool.HikariPool - HikariPool-3 - Thread starvation or clock leap detected (housekeeper delta=53m34s461ms).
2025-09-16 06:09:31 [HikariPool-3:housekeeper] WARN  com.zaxxer.hikari.pool.HikariPool - HikariPool-3 - Thread starvation or clock leap detected (housekeeper delta=1h12m33s940ms).
2025-09-16 07:10:30 [HikariPool-3:housekeeper] WARN  com.zaxxer.hikari.pool.HikariPool - HikariPool-3 - Thread starvation or clock leap detected (housekeeper delta=1h58s699ms).
2025-09-16 08:11:31 [HikariPool-3:housekeeper] WARN  com.zaxxer.hikari.pool.HikariPool - HikariPool-3 - Thread starvation or clock leap detected (housekeeper delta=1h1m793ms).
2025-09-16 09:01:46 [HikariPool-3:housekeeper] WARN  com.zaxxer.hikari.pool.HikariPool - HikariPool-3 - Thread starvation or clock leap detected (housekeeper delta=50m14s821ms).
2025-09-16 09:01:47 [http-nio-8080-exec-5] DEBUG o.s.web.servlet.DispatcherServlet - GET "/", parameters={}
2025-09-16 09:01:47 [http-nio-8080-exec-5] DEBUG o.s.w.s.v.ContentNegotiatingViewResolver - Selected '*/*' given [*/*]
2025-09-16 09:01:47 [http-nio-8080-exec-5] DEBUG o.s.w.s.view.InternalResourceView - View [InternalResourceView], model {}
2025-09-16 09:01:47 [http-nio-8080-exec-5] DEBUG o.s.w.s.view.InternalResourceView - Forwarding to [index.html]
2025-09-16 09:01:47 [http-nio-8080-exec-5] DEBUG o.s.web.servlet.DispatcherServlet - "FORWARD" dispatch for GET "/index.html", parameters={}
2025-09-16 09:01:47 [http-nio-8080-exec-5] DEBUG o.s.w.s.h.SimpleUrlHandlerMapping - Mapped to ResourceHttpRequestHandler [classpath [META-INF/resources/], classpath [resources/], classpath [static/], classpath [public/], ServletContext [/]]
2025-09-16 09:01:47 [http-nio-8080-exec-5] DEBUG o.s.web.servlet.DispatcherServlet - Exiting from "FORWARD" dispatch, status 200
2025-09-16 09:01:47 [http-nio-8080-exec-5] DEBUG o.s.web.servlet.DispatcherServlet - Completed 200 OK
2025-09-16 09:01:56 [http-nio-8080-exec-7] DEBUG o.s.web.servlet.DispatcherServlet - GET "/HNAP1/", parameters={}
2025-09-16 09:01:56 [http-nio-8080-exec-7] DEBUG o.s.w.s.h.SimpleUrlHandlerMapping - Mapped to ResourceHttpRequestHandler [classpath [META-INF/resources/], classpath [resources/], classpath [static/], classpath [public/], ServletContext [/]]
2025-09-16 09:01:56 [http-nio-8080-exec-7] DEBUG o.s.w.s.r.ResourceHttpRequestHandler - Resource not found
2025-09-16 09:01:56 [http-nio-8080-exec-7] DEBUG o.s.w.s.m.s.DefaultHandlerExceptionResolver - Resolved [org.springframework.web.servlet.resource.NoResourceFoundException: No static resource HNAP1.]
2025-09-16 09:01:56 [http-nio-8080-exec-7] DEBUG o.s.web.servlet.DispatcherServlet - Completed 404 NOT_FOUND
2025-09-16 09:01:56 [http-nio-8080-exec-7] DEBUG o.s.web.servlet.DispatcherServlet - "ERROR" dispatch for GET "/error", parameters={}
2025-09-16 09:01:56 [http-nio-8080-exec-7] DEBUG o.s.w.s.m.m.a.RequestMappingHandlerMapping - Mapped to org.springframework.boot.autoconfigure.web.servlet.error.BasicErrorController#error(HttpServletRequest)
2025-09-16 09:01:56 [http-nio-8080-exec-7] DEBUG o.s.w.s.m.m.a.HttpEntityMethodProcessor - Using 'application/json', given [*/*] and supported [application/json, application/*+json]
2025-09-16 09:01:56 [http-nio-8080-exec-7] DEBUG o.s.w.s.m.m.a.HttpEntityMethodProcessor - Writing [{timestamp=Tue Sep 16 09:01:56 CEST 2025, status=404, error=Not Found, trace=org.springframework.web (truncated)...]
2025-09-16 09:01:56 [http-nio-8080-exec-7] DEBUG o.s.web.servlet.DispatcherServlet - Exiting from "ERROR" dispatch, status 404
2025-09-16 09:01:56 [http-nio-8080-exec-8] DEBUG o.s.web.servlet.DispatcherServlet - GET "/", parameters={}
2025-09-16 09:01:56 [http-nio-8080-exec-8] DEBUG o.s.w.s.v.ContentNegotiatingViewResolver - Selected '*/*' given [*/*]
2025-09-16 09:01:56 [http-nio-8080-exec-8] DEBUG o.s.w.s.view.InternalResourceView - View [InternalResourceView], model {}
2025-09-16 09:01:56 [http-nio-8080-exec-8] DEBUG o.s.w.s.view.InternalResourceView - Forwarding to [index.html]
2025-09-16 09:01:56 [http-nio-8080-exec-8] DEBUG o.s.web.servlet.DispatcherServlet - "FORWARD" dispatch for GET "/index.html", parameters={}
2025-09-16 09:01:56 [http-nio-8080-exec-8] DEBUG o.s.w.s.h.SimpleUrlHandlerMapping - Mapped to ResourceHttpRequestHandler [classpath [META-INF/resources/], classpath [resources/], classpath [static/], classpath [public/], ServletContext [/]]
2025-09-16 09:01:56 [http-nio-8080-exec-8] DEBUG o.s.w.s.handler.DisconnectedClient - Looks like the client has gone away: org.apache.catalina.connector.ClientAbortException: java.io.IOException: Broken pipe (For a full stack trace, set the log category 'org.apache.commons.logging.LogAdapter$Slf4jLocationAwareLog@11d6b127' to TRACE level.)
2025-09-16 09:01:56 [http-nio-8080-exec-8] DEBUG o.s.web.servlet.DispatcherServlet - Exiting from "FORWARD" dispatch, status 200
2025-09-16 09:01:56 [http-nio-8080-exec-8] DEBUG o.s.web.servlet.DispatcherServlet - Completed 200 OK
2025-09-16 09:01:56 [http-nio-8080-exec-9] DEBUG o.s.web.servlet.DispatcherServlet - GET "/loginMsg.js", parameters={}
2025-09-16 09:01:56 [http-nio-8080-exec-9] DEBUG o.s.w.s.h.SimpleUrlHandlerMapping - Mapped to ResourceHttpRequestHandler [classpath [META-INF/resources/], classpath [resources/], classpath [static/], classpath [public/], ServletContext [/]]
2025-09-16 09:01:56 [http-nio-8080-exec-9] DEBUG o.s.w.s.r.ResourceHttpRequestHandler - Resource not found
2025-09-16 09:01:56 [http-nio-8080-exec-9] DEBUG o.s.w.s.m.s.DefaultHandlerExceptionResolver - Resolved [org.springframework.web.servlet.resource.NoResourceFoundException: No static resource loginMsg.js.]
2025-09-16 09:01:56 [http-nio-8080-exec-9] DEBUG o.s.web.servlet.DispatcherServlet - Completed 404 NOT_FOUND
2025-09-16 09:01:56 [http-nio-8080-exec-9] DEBUG o.s.web.servlet.DispatcherServlet - "ERROR" dispatch for GET "/error", parameters={}
2025-09-16 09:01:56 [http-nio-8080-exec-9] DEBUG o.s.w.s.m.m.a.RequestMappingHandlerMapping - Mapped to org.springframework.boot.autoconfigure.web.servlet.error.BasicErrorController#error(HttpServletRequest)
2025-09-16 09:01:56 [http-nio-8080-exec-9] DEBUG o.s.w.s.m.m.a.HttpEntityMethodProcessor - Using 'application/json', given [*/*] and supported [application/json, application/*+json]
2025-09-16 09:01:56 [http-nio-8080-exec-9] DEBUG o.s.w.s.m.m.a.HttpEntityMethodProcessor - Writing [{timestamp=Tue Sep 16 09:01:56 CEST 2025, status=404, error=Not Found, trace=org.springframework.web (truncated)...]
2025-09-16 09:01:56 [http-nio-8080-exec-9] DEBUG o.s.web.servlet.DispatcherServlet - Exiting from "ERROR" dispatch, status 404
2025-09-16 09:01:56 [http-nio-8080-exec-1] DEBUG o.s.web.servlet.DispatcherServlet - GET "/cgi/get.cgi?cmd=home_login", parameters={masked}
2025-09-16 09:01:56 [http-nio-8080-exec-1] DEBUG o.s.w.s.h.SimpleUrlHandlerMapping - Mapped to ResourceHttpRequestHandler [classpath [META-INF/resources/], classpath [resources/], classpath [static/], classpath [public/], ServletContext [/]]
2025-09-16 09:01:56 [http-nio-8080-exec-1] DEBUG o.s.w.s.r.ResourceHttpRequestHandler - Resource not found
2025-09-16 09:01:56 [http-nio-8080-exec-1] DEBUG o.s.w.s.m.s.DefaultHandlerExceptionResolver - Resolved [org.springframework.web.servlet.resource.NoResourceFoundException: No static resource cgi/get.cgi.]
2025-09-16 09:01:56 [http-nio-8080-exec-1] DEBUG o.s.web.servlet.DispatcherServlet - Completed 404 NOT_FOUND
2025-09-16 09:01:56 [http-nio-8080-exec-1] DEBUG o.s.web.servlet.DispatcherServlet - "ERROR" dispatch for GET "/error?cmd=home_login", parameters={masked}
2025-09-16 09:01:56 [http-nio-8080-exec-1] DEBUG o.s.w.s.m.m.a.RequestMappingHandlerMapping - Mapped to org.springframework.boot.autoconfigure.web.servlet.error.BasicErrorController#error(HttpServletRequest)
2025-09-16 09:01:56 [http-nio-8080-exec-1] DEBUG o.s.w.s.m.m.a.HttpEntityMethodProcessor - Using 'application/json', given [*/*] and supported [application/json, application/*+json]
2025-09-16 09:01:56 [http-nio-8080-exec-1] DEBUG o.s.w.s.m.m.a.HttpEntityMethodProcessor - Writing [{timestamp=Tue Sep 16 09:01:56 CEST 2025, status=404, error=Not Found, trace=org.springframework.web (truncated)...]
2025-09-16 09:01:56 [http-nio-8080-exec-1] DEBUG o.s.web.servlet.DispatcherServlet - Exiting from "ERROR" dispatch, status 404
2025-09-16 11:36:02 [HikariPool-3:housekeeper] WARN  com.zaxxer.hikari.pool.HikariPool - HikariPool-3 - Thread starvation or clock leap detected (housekeeper delta=5m45s313ms).
2025-09-16 13:04:38 [SpringApplicationShutdownHook] INFO  o.s.b.w.e.tomcat.GracefulShutdown - Commencing graceful shutdown. Waiting for active requests to complete
2025-09-16 13:04:38 [tomcat-shutdown] INFO  o.s.b.w.e.tomcat.GracefulShutdown - Graceful shutdown complete
2025-09-16 13:04:38 [SpringApplicationShutdownHook] INFO  o.s.o.j.LocalContainerEntityManagerFactoryBean - Closing JPA EntityManagerFactory for persistence unit 'default'
2025-09-16 13:04:38 [SpringApplicationShutdownHook] INFO  com.zaxxer.hikari.HikariDataSource - HikariPool-3 - Shutdown initiated...
2025-09-16 13:04:38 [SpringApplicationShutdownHook] INFO  com.zaxxer.hikari.HikariDataSource - HikariPool-3 - Shutdown completed.
2025-09-16 13:04:41 [restartedMain] INFO  c.W.CoolSpidersApplication - Starting CoolSpidersApplication using Java 24.0.1 with PID 82090 (/Users/kuba/Documents/Dokumenty – MacBook Air (Kuba)/repo/WMS-spider-wholesale-system/target/classes started by kuba in /Users/kuba/Documents/Dokumenty – MacBook Air (Kuba)/repo/WMS-spider-wholesale-system)
2025-09-16 13:04:41 [restartedMain] INFO  c.W.CoolSpidersApplication - No active profile set, falling back to 1 default profile: "default"
2025-09-16 13:04:41 [restartedMain] INFO  o.s.b.d.e.DevToolsPropertyDefaultsPostProcessor - Devtools property defaults active! Set 'spring.devtools.add-properties' to 'false' to disable
2025-09-16 13:04:41 [restartedMain] INFO  o.s.b.d.e.DevToolsPropertyDefaultsPostProcessor - For additional web related logging consider setting the 'logging.level.web' property to 'DEBUG'
2025-09-16 13:04:41 [restartedMain] INFO  o.s.d.r.c.RepositoryConfigurationDelegate - Bootstrapping Spring Data JPA repositories in DEFAULT mode.
2025-09-16 13:04:41 [restartedMain] INFO  o.s.d.r.c.RepositoryConfigurationDelegate - Finished Spring Data repository scanning in 22 ms. Found 3 JPA repository interfaces.
2025-09-16 13:04:42 [restartedMain] INFO  o.s.b.w.e.tomcat.TomcatWebServer - Tomcat initialized with port 8080 (http)
2025-09-16 13:04:42 [restartedMain] INFO  o.a.coyote.http11.Http11NioProtocol - Initializing ProtocolHandler ["http-nio-8080"]
2025-09-16 13:04:42 [restartedMain] INFO  o.a.catalina.core.StandardService - Starting service [Tomcat]
2025-09-16 13:04:42 [restartedMain] INFO  o.a.catalina.core.StandardEngine - Starting Servlet engine: [Apache Tomcat/10.1.43]
2025-09-16 13:04:42 [restartedMain] INFO  o.a.c.c.C.[Tomcat].[localhost].[/] - Initializing Spring embedded WebApplicationContext
2025-09-16 13:04:42 [restartedMain] INFO  o.s.b.w.s.c.ServletWebServerApplicationContext - Root WebApplicationContext: initialization completed in 562 ms
2025-09-16 13:04:42 [restartedMain] INFO  o.s.o.j.p.SpringPersistenceUnitInfo - No LoadTimeWeaver setup: ignoring JPA class transformer
2025-09-16 13:04:42 [restartedMain] INFO  com.zaxxer.hikari.HikariDataSource - HikariPool-1 - Starting...
2025-09-16 13:04:42 [restartedMain] INFO  com.zaxxer.hikari.pool.HikariPool - HikariPool-1 - Added connection com.mysql.cj.jdbc.ConnectionImpl@3b8b742f
2025-09-16 13:04:42 [restartedMain] INFO  com.zaxxer.hikari.HikariDataSource - HikariPool-1 - Start completed.
2025-09-16 13:04:43 [restartedMain] INFO  o.s.o.j.LocalContainerEntityManagerFactoryBean - Initialized JPA EntityManagerFactory for persistence unit 'default'
2025-09-16 13:04:43 [restartedMain] INFO  o.s.d.j.r.query.QueryEnhancerFactory - Hibernate is in classpath; If applicable, HQL parser will be used.
2025-09-16 13:04:43 [restartedMain] WARN  o.s.b.a.o.j.JpaBaseConfiguration$JpaWebConfiguration - spring.jpa.open-in-view is enabled by default. Therefore, database queries may be performed during view rendering. Explicitly configure spring.jpa.open-in-view to disable this warning
2025-09-16 13:04:43 [restartedMain] INFO  o.s.b.a.w.s.WelcomePageHandlerMapping - Adding welcome page: class path resource [static/index.html]
2025-09-16 13:04:43 [restartedMain] DEBUG o.s.w.s.m.m.a.RequestMappingHandlerMapping - 18 mappings in 'requestMappingHandlerMapping'
2025-09-16 13:04:43 [restartedMain] DEBUG o.s.w.s.h.SimpleUrlHandlerMapping - Patterns [/webjars/**, /**] in 'resourceHandlerMapping'
2025-09-16 13:04:43 [restartedMain] DEBUG o.s.w.s.m.m.a.RequestMappingHandlerAdapter - ControllerAdvice beans: 0 @ModelAttribute, 0 @InitBinder, 1 RequestBodyAdvice, 1 ResponseBodyAdvice
2025-09-16 13:04:43 [restartedMain] WARN  o.s.b.a.t.ThymeleafAutoConfiguration$DefaultTemplateResolverConfiguration - Cannot find template location: classpath:/templates/ (please add some templates, check your Thymeleaf configuration, or set spring.thymeleaf.check-template-location=false)
2025-09-16 13:04:43 [restartedMain] DEBUG o.s.w.s.m.m.a.ExceptionHandlerExceptionResolver - ControllerAdvice beans: 1 @ExceptionHandler, 1 ResponseBodyAdvice
2025-09-16 13:04:43 [restartedMain] INFO  o.s.b.d.a.OptionalLiveReloadServer - LiveReload server is running on port 35729
2025-09-16 13:04:43 [restartedMain] INFO  o.a.coyote.http11.Http11NioProtocol - Starting ProtocolHandler ["http-nio-8080"]
2025-09-16 13:04:43 [restartedMain] INFO  o.s.b.w.e.tomcat.TomcatWebServer - Tomcat started on port 8080 (http) with context path '/'
2025-09-16 13:04:43 [restartedMain] INFO  c.W.CoolSpidersApplication - Started CoolSpidersApplication in 2.427 seconds (process running for 3.004)
2025-09-16 13:04:52 [http-nio-8080-exec-1] INFO  o.a.c.c.C.[Tomcat].[localhost].[/] - Initializing Spring DispatcherServlet 'dispatcherServlet'
2025-09-16 13:04:52 [http-nio-8080-exec-1] INFO  o.s.web.servlet.DispatcherServlet - Initializing Servlet 'dispatcherServlet'
2025-09-16 13:04:52 [http-nio-8080-exec-1] DEBUG o.s.web.servlet.DispatcherServlet - Detected StandardServletMultipartResolver
2025-09-16 13:04:52 [http-nio-8080-exec-1] DEBUG o.s.web.servlet.DispatcherServlet - Detected AcceptHeaderLocaleResolver
2025-09-16 13:04:52 [http-nio-8080-exec-1] DEBUG o.s.web.servlet.DispatcherServlet - Detected FixedThemeResolver
2025-09-16 13:04:52 [http-nio-8080-exec-1] DEBUG o.s.web.servlet.DispatcherServlet - Detected org.springframework.web.servlet.view.DefaultRequestToViewNameTranslator@7d0de16d
2025-09-16 13:04:52 [http-nio-8080-exec-1] DEBUG o.s.web.servlet.DispatcherServlet - Detected org.springframework.web.servlet.support.SessionFlashMapManager@449fac3e
2025-09-16 13:04:52 [http-nio-8080-exec-1] DEBUG o.s.web.servlet.DispatcherServlet - enableLoggingRequestDetails='false': request parameters and headers will be masked to prevent unsafe logging of potentially sensitive data
2025-09-16 13:04:52 [http-nio-8080-exec-1] INFO  o.s.web.servlet.DispatcherServlet - Completed initialization in 2 ms
2025-09-16 13:04:52 [http-nio-8080-exec-1] DEBUG o.s.web.servlet.DispatcherServlet - GET "/index.html", parameters={}
2025-09-16 13:04:52 [http-nio-8080-exec-1] DEBUG o.s.w.s.h.SimpleUrlHandlerMapping - Mapped to ResourceHttpRequestHandler [classpath [META-INF/resources/], classpath [resources/], classpath [static/], classpath [public/], ServletContext [/]]
2025-09-16 13:04:52 [http-nio-8080-exec-1] DEBUG o.s.web.servlet.DispatcherServlet - Completed 200 OK
2025-09-16 13:04:52 [http-nio-8080-exec-2] DEBUG o.s.web.servlet.DispatcherServlet - GET "/api/customers", parameters={}
2025-09-16 13:04:52 [http-nio-8080-exec-2] DEBUG o.s.w.s.m.m.a.RequestMappingHandlerMapping - Mapped to com.WMS_spiders_wholesale_system.controller.CustomerController#getAllCustomers(int, int, String)
2025-09-16 13:04:52 [http-nio-8080-exec-2] DEBUG org.hibernate.SQL - select c1_0.id,c1_0.address,c1_0.email,c1_0.first_name,c1_0.last_name,c1_0.parcel_locker,c1_0.telephone from customers c1_0 order by c1_0.id limit ?,?
2025-09-16 13:04:52 [http-nio-8080-exec-2] TRACE org.hibernate.orm.jdbc.bind - binding parameter (1:INTEGER) <- [0]
2025-09-16 13:04:52 [http-nio-8080-exec-2] TRACE org.hibernate.orm.jdbc.bind - binding parameter (2:INTEGER) <- [10]
2025-09-16 13:04:52 [http-nio-8080-exec-2] WARN  o.s.d.w.c.SpringDataJacksonConfiguration$PageModule$WarningLoggingModifier - Serializing PageImpl instances as-is is not supported, meaning that there is no guarantee about the stability of the resulting JSON structure!
	For a stable JSON structure, please use Spring Data's PagedModel (globally via @EnableSpringDataWebSupport(pageSerializationMode = VIA_DTO))
	or Spring HATEOAS and Spring Data's PagedResourcesAssembler as documented in https://docs.spring.io/spring-data/commons/reference/repositories/core-extensions.html#core.web.pageables.

2025-09-16 13:04:52 [http-nio-8080-exec-2] DEBUG o.s.w.s.m.m.a.HttpEntityMethodProcessor - Using 'application/json', given [*/*] and supported [application/json, application/*+json]
2025-09-16 13:04:52 [http-nio-8080-exec-2] DEBUG o.s.w.s.m.m.a.HttpEntityMethodProcessor - Writing [Page 1 of 1 containing com.WMS_spiders_wholesale_system.dto.CustomerDTO instances]
2025-09-16 13:04:52 [http-nio-8080-exec-2] DEBUG o.s.web.servlet.DispatcherServlet - Completed 200 OK
2025-09-16 13:04:55 [http-nio-8080-exec-3] DEBUG o.s.web.servlet.DispatcherServlet - GET "/api/spiders?size=100", parameters={masked}
2025-09-16 13:04:55 [http-nio-8080-exec-3] DEBUG o.s.w.s.m.m.a.RequestMappingHandlerMapping - Mapped to com.WMS_spiders_wholesale_system.controller.SpiderController#getAllSpiders(int, int, String)
2025-09-16 13:04:55 [http-nio-8080-exec-3] DEBUG org.hibernate.SQL - select s1_0.id,s1_0.is_cites,s1_0.order_id,s1_0.price,s1_0.quantity,s1_0.size,s1_0.species_name,s1_0.type_name from spiders s1_0 order by s1_0.species_name limit ?,?
2025-09-16 13:04:55 [http-nio-8080-exec-3] TRACE org.hibernate.orm.jdbc.bind - binding parameter (1:INTEGER) <- [0]
2025-09-16 13:04:55 [http-nio-8080-exec-3] TRACE org.hibernate.orm.jdbc.bind - binding parameter (2:INTEGER) <- [100]
2025-09-16 13:04:55 [http-nio-8080-exec-3] DEBUG o.s.w.s.m.m.a.HttpEntityMethodProcessor - Using 'application/json', given [*/*] and supported [application/json, application/*+json]
2025-09-16 13:04:55 [http-nio-8080-exec-3] DEBUG o.s.w.s.m.m.a.HttpEntityMethodProcessor - Writing [Page 1 of 1 containing com.WMS_spiders_wholesale_system.dto.SpiderDTO instances]
2025-09-16 13:04:55 [http-nio-8080-exec-3] DEBUG o.s.web.servlet.DispatcherServlet - Completed 200 OK
2025-09-16 13:05:09 [http-nio-8080-exec-4] DEBUG o.s.web.servlet.DispatcherServlet - POST "/api/spiders", parameters={}
2025-09-16 13:05:09 [http-nio-8080-exec-4] DEBUG o.s.w.s.m.m.a.RequestMappingHandlerMapping - Mapped to com.WMS_spiders_wholesale_system.controller.SpiderController#addSpider(SpiderDTO)
2025-09-16 13:05:09 [http-nio-8080-exec-4] DEBUG o.s.w.s.m.m.a.RequestResponseBodyMethodProcessor - Read "application/json;charset=UTF-8" to [com.WMS_spiders_wholesale_system.dto.SpiderDTO@6d4e23d0]
2025-09-16 13:05:09 [http-nio-8080-exec-4] DEBUG org.hibernate.SQL - insert into spiders (is_cites,order_id,price,quantity,size,species_name,type_name,id) values (?,?,?,?,?,?,?,?)
2025-09-16 13:05:09 [http-nio-8080-exec-4] TRACE org.hibernate.orm.jdbc.bind - binding parameter (1:BOOLEAN) <- [true]
2025-09-16 13:05:09 [http-nio-8080-exec-4] TRACE org.hibernate.orm.jdbc.bind - binding parameter (2:VARCHAR) <- [null]
2025-09-16 13:05:09 [http-nio-8080-exec-4] TRACE org.hibernate.orm.jdbc.bind - binding parameter (3:DOUBLE) <- [123.0]
2025-09-16 13:05:09 [http-nio-8080-exec-4] TRACE org.hibernate.orm.jdbc.bind - binding parameter (4:INTEGER) <- [1]
2025-09-16 13:05:09 [http-nio-8080-exec-4] TRACE org.hibernate.orm.jdbc.bind - binding parameter (5:VARCHAR) <- [2DC]
2025-09-16 13:05:09 [http-nio-8080-exec-4] TRACE org.hibernate.orm.jdbc.bind - binding parameter (6:VARCHAR) <- [test]
2025-09-16 13:05:09 [http-nio-8080-exec-4] TRACE org.hibernate.orm.jdbc.bind - binding parameter (7:VARCHAR) <- [Brachypelma]
2025-09-16 13:05:09 [http-nio-8080-exec-4] TRACE org.hibernate.orm.jdbc.bind - binding parameter (8:VARCHAR) <- [d9735352-f41d-49ec-a104-e1d772ca2b8b]
2025-09-16 13:05:09 [http-nio-8080-exec-4] DEBUG o.s.w.s.m.m.a.HttpEntityMethodProcessor - Using 'application/json', given [*/*] and supported [application/json, application/*+json]
2025-09-16 13:05:09 [http-nio-8080-exec-4] DEBUG o.s.w.s.m.m.a.HttpEntityMethodProcessor - Writing [com.WMS_spiders_wholesale_system.dto.SpiderDTO@459c2d61]
2025-09-16 13:05:09 [http-nio-8080-exec-4] DEBUG o.s.web.servlet.DispatcherServlet - Completed 201 CREATED
2025-09-16 13:05:09 [http-nio-8080-exec-5] DEBUG o.s.web.servlet.DispatcherServlet - GET "/api/spiders?size=100", parameters={masked}
2025-09-16 13:05:09 [http-nio-8080-exec-5] DEBUG o.s.w.s.m.m.a.RequestMappingHandlerMapping - Mapped to com.WMS_spiders_wholesale_system.controller.SpiderController#getAllSpiders(int, int, String)
2025-09-16 13:05:09 [http-nio-8080-exec-5] DEBUG org.hibernate.SQL - select s1_0.id,s1_0.is_cites,s1_0.order_id,s1_0.price,s1_0.quantity,s1_0.size,s1_0.species_name,s1_0.type_name from spiders s1_0 order by s1_0.species_name limit ?,?
2025-09-16 13:05:09 [http-nio-8080-exec-5] TRACE org.hibernate.orm.jdbc.bind - binding parameter (1:INTEGER) <- [0]
2025-09-16 13:05:09 [http-nio-8080-exec-5] TRACE org.hibernate.orm.jdbc.bind - binding parameter (2:INTEGER) <- [100]
2025-09-16 13:05:09 [http-nio-8080-exec-5] DEBUG o.s.w.s.m.m.a.HttpEntityMethodProcessor - Using 'application/json', given [*/*] and supported [application/json, application/*+json]
2025-09-16 13:05:09 [http-nio-8080-exec-5] DEBUG o.s.w.s.m.m.a.HttpEntityMethodProcessor - Writing [Page 1 of 1 containing com.WMS_spiders_wholesale_system.dto.SpiderDTO instances]
2025-09-16 13:05:09 [http-nio-8080-exec-5] DEBUG o.s.web.servlet.DispatcherServlet - Completed 200 OK
2025-09-16 13:05:15 [http-nio-8080-exec-6] DEBUG o.s.web.servlet.DispatcherServlet - GET "/index.html", parameters={}
2025-09-16 13:05:15 [http-nio-8080-exec-6] DEBUG o.s.w.s.h.SimpleUrlHandlerMapping - Mapped to ResourceHttpRequestHandler [classpath [META-INF/resources/], classpath [resources/], classpath [static/], classpath [public/], ServletContext [/]]
2025-09-16 13:05:15 [http-nio-8080-exec-6] DEBUG o.s.web.servlet.DispatcherServlet - Completed 200 OK
2025-09-16 13:05:15 [http-nio-8080-exec-7] DEBUG o.s.web.servlet.DispatcherServlet - GET "/api/customers", parameters={}
2025-09-16 13:05:15 [http-nio-8080-exec-7] DEBUG o.s.w.s.m.m.a.RequestMappingHandlerMapping - Mapped to com.WMS_spiders_wholesale_system.controller.CustomerController#getAllCustomers(int, int, String)
2025-09-16 13:05:15 [http-nio-8080-exec-7] DEBUG org.hibernate.SQL - select c1_0.id,c1_0.address,c1_0.email,c1_0.first_name,c1_0.last_name,c1_0.parcel_locker,c1_0.telephone from customers c1_0 order by c1_0.id limit ?,?
2025-09-16 13:05:15 [http-nio-8080-exec-7] TRACE org.hibernate.orm.jdbc.bind - binding parameter (1:INTEGER) <- [0]
2025-09-16 13:05:15 [http-nio-8080-exec-7] TRACE org.hibernate.orm.jdbc.bind - binding parameter (2:INTEGER) <- [10]
2025-09-16 13:05:15 [http-nio-8080-exec-7] DEBUG o.s.w.s.m.m.a.HttpEntityMethodProcessor - Using 'application/json', given [*/*] and supported [application/json, application/*+json]
2025-09-16 13:05:15 [http-nio-8080-exec-7] DEBUG o.s.w.s.m.m.a.HttpEntityMethodProcessor - Writing [Page 1 of 1 containing com.WMS_spiders_wholesale_system.dto.CustomerDTO instances]
2025-09-16 13:05:15 [http-nio-8080-exec-7] DEBUG o.s.web.servlet.DispatcherServlet - Completed 200 OK
2025-09-16 13:05:16 [http-nio-8080-exec-8] DEBUG o.s.web.servlet.DispatcherServlet - GET "/api/orders", parameters={}
2025-09-16 13:05:16 [http-nio-8080-exec-8] DEBUG o.s.w.s.m.m.a.RequestMappingHandlerMapping - Mapped to com.WMS_spiders_wholesale_system.controller.OrderController#getAllOrders(int, int, String, String)
2025-09-16 13:05:17 [http-nio-8080-exec-8] DEBUG org.hibernate.SQL - select o1_0.id,o1_0.courier_company,c1_0.id,c1_0.address,c1_0.email,c1_0.first_name,c1_0.last_name,c1_0.parcel_locker,c1_0.telephone,o1_0.date,os1_0.order_id,os1_0.id,os1_0.quantity,os1_0.spider_id,o1_0.price,o1_0.self_collection,o1_0.shipment_number,o1_0.status from orders o1_0 left join customers c1_0 on c1_0.id=o1_0.customer_id left join ordered_spiders os1_0 on o1_0.id=os1_0.order_id order by o1_0.date desc
2025-09-16 13:05:17 [http-nio-8080-exec-8] DEBUG org.hibernate.SQL - select s1_0.id,s1_0.is_cites,o1_0.id,o1_0.courier_company,o1_0.customer_id,o1_0.date,o1_0.price,o1_0.self_collection,o1_0.shipment_number,o1_0.status,s1_0.price,s1_0.quantity,s1_0.size,s1_0.species_name,s1_0.type_name from spiders s1_0 left join orders o1_0 on o1_0.id=s1_0.order_id where s1_0.id=?
2025-09-16 13:05:17 [http-nio-8080-exec-8] TRACE org.hibernate.orm.jdbc.bind - binding parameter (1:VARCHAR) <- [0a29df47-6372-403c-a55f-6be46a64d83c]
2025-09-16 13:05:17 [http-nio-8080-exec-8] DEBUG org.hibernate.SQL - select s1_0.id,s1_0.is_cites,o1_0.id,o1_0.courier_company,o1_0.customer_id,o1_0.date,o1_0.price,o1_0.self_collection,o1_0.shipment_number,o1_0.status,s1_0.price,s1_0.quantity,s1_0.size,s1_0.species_name,s1_0.type_name from spiders s1_0 left join orders o1_0 on o1_0.id=s1_0.order_id where s1_0.id=?
2025-09-16 13:05:17 [http-nio-8080-exec-8] TRACE org.hibernate.orm.jdbc.bind - binding parameter (1:VARCHAR) <- [e824a860-23eb-423d-ac8c-956329b1590d]
2025-09-16 13:05:17 [http-nio-8080-exec-8] DEBUG org.hibernate.SQL - select s1_0.id,s1_0.is_cites,o1_0.id,o1_0.courier_company,o1_0.customer_id,o1_0.date,o1_0.price,o1_0.self_collection,o1_0.shipment_number,o1_0.status,s1_0.price,s1_0.quantity,s1_0.size,s1_0.species_name,s1_0.type_name from spiders s1_0 left join orders o1_0 on o1_0.id=s1_0.order_id where s1_0.id=?
2025-09-16 13:05:17 [http-nio-8080-exec-8] TRACE org.hibernate.orm.jdbc.bind - binding parameter (1:VARCHAR) <- [c77e1e3d-ca26-4927-98bf-847756cddfe2]
2025-09-16 13:05:17 [http-nio-8080-exec-8] DEBUG o.s.w.s.m.m.a.HttpEntityMethodProcessor - Using 'application/json', given [*/*] and supported [application/json, application/*+json]
2025-09-16 13:05:17 [http-nio-8080-exec-8] DEBUG o.s.w.s.m.m.a.HttpEntityMethodProcessor - Writing [Page 1 of 1 containing com.WMS_spiders_wholesale_system.dto.OrderDTO instances]
2025-09-16 13:05:17 [http-nio-8080-exec-8] DEBUG o.s.web.servlet.DispatcherServlet - Completed 200 OK
2025-09-16 13:05:18 [http-nio-8080-exec-9] DEBUG o.s.web.servlet.DispatcherServlet - GET "/api/spiders?size=100", parameters={masked}
2025-09-16 13:05:18 [http-nio-8080-exec-9] DEBUG o.s.w.s.m.m.a.RequestMappingHandlerMapping - Mapped to com.WMS_spiders_wholesale_system.controller.SpiderController#getAllSpiders(int, int, String)
2025-09-16 13:05:18 [http-nio-8080-exec-9] DEBUG org.hibernate.SQL - select s1_0.id,s1_0.is_cites,s1_0.order_id,s1_0.price,s1_0.quantity,s1_0.size,s1_0.species_name,s1_0.type_name from spiders s1_0 order by s1_0.species_name limit ?,?
2025-09-16 13:05:18 [http-nio-8080-exec-9] TRACE org.hibernate.orm.jdbc.bind - binding parameter (1:INTEGER) <- [0]
2025-09-16 13:05:18 [http-nio-8080-exec-9] TRACE org.hibernate.orm.jdbc.bind - binding parameter (2:INTEGER) <- [100]
2025-09-16 13:05:18 [http-nio-8080-exec-9] DEBUG o.s.w.s.m.m.a.HttpEntityMethodProcessor - Using 'application/json', given [*/*] and supported [application/json, application/*+json]
2025-09-16 13:05:18 [http-nio-8080-exec-9] DEBUG o.s.w.s.m.m.a.HttpEntityMethodProcessor - Writing [Page 1 of 1 containing com.WMS_spiders_wholesale_system.dto.SpiderDTO instances]
2025-09-16 13:05:18 [http-nio-8080-exec-9] DEBUG o.s.web.servlet.DispatcherServlet - Completed 200 OK
2025-09-16 13:05:26 [http-nio-8080-exec-1] DEBUG o.s.web.servlet.DispatcherServlet - GET "/api/spiders", parameters={}
2025-09-16 13:05:26 [http-nio-8080-exec-1] DEBUG o.s.w.s.m.m.a.RequestMappingHandlerMapping - Mapped to com.WMS_spiders_wholesale_system.controller.SpiderController#getAllSpiders(int, int, String)
2025-09-16 13:05:26 [http-nio-8080-exec-1] DEBUG org.hibernate.SQL - select s1_0.id,s1_0.is_cites,s1_0.order_id,s1_0.price,s1_0.quantity,s1_0.size,s1_0.species_name,s1_0.type_name from spiders s1_0 order by s1_0.species_name limit ?,?
2025-09-16 13:05:26 [http-nio-8080-exec-1] TRACE org.hibernate.orm.jdbc.bind - binding parameter (1:INTEGER) <- [0]
2025-09-16 13:05:26 [http-nio-8080-exec-1] TRACE org.hibernate.orm.jdbc.bind - binding parameter (2:INTEGER) <- [10]
2025-09-16 13:05:26 [http-nio-8080-exec-1] DEBUG o.s.w.s.m.m.a.HttpEntityMethodProcessor - Using 'application/json', given [*/*] and supported [application/json, application/*+json]
2025-09-16 13:05:26 [http-nio-8080-exec-1] DEBUG o.s.w.s.m.m.a.HttpEntityMethodProcessor - Writing [Page 1 of 1 containing com.WMS_spiders_wholesale_system.dto.SpiderDTO instances]
2025-09-16 13:05:26 [http-nio-8080-exec-1] DEBUG o.s.web.servlet.DispatcherServlet - Completed 200 OK
