2025-09-13 15:37:57 [http-nio-8080-exec-8] DEBUG o.s.web.servlet.DispatcherServlet - POST "/api/customers", parameters={}
2025-09-13 15:37:57 [http-nio-8080-exec-8] DEBUG o.s.w.s.m.m.a.RequestMappingHandlerMapping - Mapped to com.WMS_spiders_wholesale_system.controller.CustomerController#addCustomer(CustomerDTO)
2025-09-13 15:37:57 [http-nio-8080-exec-8] DEBUG o.s.w.s.m.m.a.RequestResponseBodyMethodProcessor - Read "application/json;charset=UTF-8" to [com.WMS_spiders_wholesale_system.dto.CustomerDTO@6406f58a]
2025-09-13 15:37:57 [http-nio-8080-exec-8] INFO  c.W.controller.CustomerController - Received customer DTO: com.WMS_spiders_wholesale_system.dto.CustomerDTO@6406f58a
2025-09-13 15:37:57 [http-nio-8080-exec-8] INFO  c.W.service.CustomerService - Created new customer with ID: null
2025-09-13 15:37:57 [http-nio-8080-exec-8] DEBUG org.hibernate.SQL - insert into customers (address,email,first_name,last_name,parcel_locker,telephone,id) values (?,?,?,?,?,?,?)
2025-09-13 15:37:57 [http-nio-8080-exec-8] TRACE org.hibernate.orm.jdbc.bind - binding parameter (1:VARCHAR) <- []
2025-09-13 15:37:57 [http-nio-8080-exec-8] TRACE org.hibernate.orm.jdbc.bind - binding parameter (2:VARCHAR) <- []
2025-09-13 15:37:57 [http-nio-8080-exec-8] TRACE org.hibernate.orm.jdbc.bind - binding parameter (3:VARCHAR) <- [Robert]
2025-09-13 15:37:57 [http-nio-8080-exec-8] TRACE org.hibernate.orm.jdbc.bind - binding parameter (4:VARCHAR) <- [Dobija]
2025-09-13 15:37:57 [http-nio-8080-exec-8] TRACE org.hibernate.orm.jdbc.bind - binding parameter (5:VARCHAR) <- []
2025-09-13 15:37:57 [http-nio-8080-exec-8] TRACE org.hibernate.orm.jdbc.bind - binding parameter (6:VARCHAR) <- []
2025-09-13 15:37:57 [http-nio-8080-exec-8] TRACE org.hibernate.orm.jdbc.bind - binding parameter (7:VARCHAR) <- [42ff648b-07b2-43e6-9274-ffbedff2b44d]
2025-09-13 15:37:57 [http-nio-8080-exec-8] DEBUG o.s.w.s.m.m.a.HttpEntityMethodProcessor - Using 'application/json', given [*/*] and supported [application/json, application/*+json]
2025-09-13 15:37:57 [http-nio-8080-exec-8] DEBUG o.s.w.s.m.m.a.HttpEntityMethodProcessor - Writing [com.WMS_spiders_wholesale_system.dto.CustomerDTO@4429ef08]
2025-09-13 15:37:57 [http-nio-8080-exec-8] DEBUG o.s.web.servlet.DispatcherServlet - Completed 201 CREATED
2025-09-13 15:37:58 [http-nio-8080-exec-9] DEBUG o.s.web.servlet.DispatcherServlet - GET "/api/customers?page=0&size=10&sortBy=lastName", parameters={masked}
2025-09-13 15:37:58 [http-nio-8080-exec-9] DEBUG o.s.w.s.m.m.a.RequestMappingHandlerMapping - Mapped to com.WMS_spiders_wholesale_system.controller.CustomerController#getAllCustomers(int, int, String)
2025-09-13 15:37:58 [http-nio-8080-exec-9] DEBUG org.hibernate.SQL - select c1_0.id,c1_0.address,c1_0.email,c1_0.first_name,c1_0.last_name,c1_0.parcel_locker,c1_0.telephone from customers c1_0 order by c1_0.last_name limit ?,?
2025-09-13 15:37:58 [http-nio-8080-exec-9] TRACE org.hibernate.orm.jdbc.bind - binding parameter (1:INTEGER) <- [0]
2025-09-13 15:37:58 [http-nio-8080-exec-9] TRACE org.hibernate.orm.jdbc.bind - binding parameter (2:INTEGER) <- [10]
2025-09-13 15:37:58 [http-nio-8080-exec-9] DEBUG o.s.w.s.m.m.a.HttpEntityMethodProcessor - Using 'application/json', given [*/*] and supported [application/json, application/*+json]
2025-09-13 15:37:58 [http-nio-8080-exec-9] DEBUG o.s.w.s.m.m.a.HttpEntityMethodProcessor - Writing [Page 1 of 1 containing com.WMS_spiders_wholesale_system.dto.CustomerDTO instances]
2025-09-13 15:37:58 [http-nio-8080-exec-9] DEBUG o.s.web.servlet.DispatcherServlet - Completed 200 OK
2025-09-13 15:38:10 [http-nio-8080-exec-10] DEBUG o.s.web.servlet.DispatcherServlet - GET "/api/spiders?page=0&size=10&sortBy=speciesName", parameters={masked}
2025-09-13 15:38:10 [http-nio-8080-exec-10] DEBUG o.s.w.s.m.m.a.RequestMappingHandlerMapping - Mapped to com.WMS_spiders_wholesale_system.controller.SpiderController#getAllSpiders(int, int, String)
2025-09-13 15:38:10 [http-nio-8080-exec-10] DEBUG org.hibernate.SQL - select s1_0.id,s1_0.is_cites,s1_0.order_id,s1_0.price,s1_0.quantity,s1_0.size,s1_0.species_name,s1_0.type_name from spiders s1_0 order by s1_0.species_name limit ?,?
2025-09-13 15:38:10 [http-nio-8080-exec-10] TRACE org.hibernate.orm.jdbc.bind - binding parameter (1:INTEGER) <- [0]
2025-09-13 15:38:10 [http-nio-8080-exec-10] TRACE org.hibernate.orm.jdbc.bind - binding parameter (2:INTEGER) <- [10]
2025-09-13 15:38:10 [http-nio-8080-exec-10] DEBUG o.s.w.s.m.m.a.HttpEntityMethodProcessor - Using 'application/json', given [*/*] and supported [application/json, application/*+json]
2025-09-13 15:38:10 [http-nio-8080-exec-10] DEBUG o.s.w.s.m.m.a.HttpEntityMethodProcessor - Writing [Page 1 of 1 containing com.WMS_spiders_wholesale_system.dto.SpiderDTO instances]
2025-09-13 15:38:10 [http-nio-8080-exec-10] DEBUG o.s.web.servlet.DispatcherServlet - Completed 200 OK
2025-09-13 15:38:29 [http-nio-8080-exec-1] DEBUG o.s.web.servlet.DispatcherServlet - POST "/api/spiders", parameters={}
2025-09-13 15:38:29 [http-nio-8080-exec-1] DEBUG o.s.w.s.m.m.a.RequestMappingHandlerMapping - Mapped to com.WMS_spiders_wholesale_system.controller.SpiderController#addSpider(SpiderDTO)
2025-09-13 15:38:29 [http-nio-8080-exec-1] DEBUG o.s.w.s.m.m.a.RequestResponseBodyMethodProcessor - Read "application/json;charset=UTF-8" to [com.WMS_spiders_wholesale_system.dto.SpiderDTO@bc300db]
2025-09-13 15:38:29 [http-nio-8080-exec-1] DEBUG org.hibernate.SQL - insert into spiders (is_cites,order_id,price,quantity,size,species_name,type_name,id) values (?,?,?,?,?,?,?,?)
2025-09-13 15:38:29 [http-nio-8080-exec-1] TRACE org.hibernate.orm.jdbc.bind - binding parameter (1:BOOLEAN) <- [false]
2025-09-13 15:38:29 [http-nio-8080-exec-1] TRACE org.hibernate.orm.jdbc.bind - binding parameter (2:VARCHAR) <- [null]
2025-09-13 15:38:29 [http-nio-8080-exec-1] TRACE org.hibernate.orm.jdbc.bind - binding parameter (3:DOUBLE) <- [150.0]
2025-09-13 15:38:29 [http-nio-8080-exec-1] TRACE org.hibernate.orm.jdbc.bind - binding parameter (4:INTEGER) <- [1]
2025-09-13 15:38:29 [http-nio-8080-exec-1] TRACE org.hibernate.orm.jdbc.bind - binding parameter (5:VARCHAR) <- [7 DC]
2025-09-13 15:38:29 [http-nio-8080-exec-1] TRACE org.hibernate.orm.jdbc.bind - binding parameter (6:VARCHAR) <- [Tripepi Samiec]
2025-09-13 15:38:29 [http-nio-8080-exec-1] TRACE org.hibernate.orm.jdbc.bind - binding parameter (7:VARCHAR) <- [Nhandu]
2025-09-13 15:38:29 [http-nio-8080-exec-1] TRACE org.hibernate.orm.jdbc.bind - binding parameter (8:VARCHAR) <- [0f0a65ae-3a16-4bc6-9c1f-4a4cdd6719f0]
2025-09-13 15:38:29 [http-nio-8080-exec-1] DEBUG o.s.w.s.m.m.a.HttpEntityMethodProcessor - Using 'application/json', given [*/*] and supported [application/json, application/*+json]
2025-09-13 15:38:29 [http-nio-8080-exec-1] DEBUG o.s.w.s.m.m.a.HttpEntityMethodProcessor - Writing [com.WMS_spiders_wholesale_system.dto.SpiderDTO@59fa48be]
2025-09-13 15:38:29 [http-nio-8080-exec-1] DEBUG o.s.web.servlet.DispatcherServlet - Completed 201 CREATED
2025-09-13 15:38:30 [http-nio-8080-exec-2] DEBUG o.s.web.servlet.DispatcherServlet - GET "/api/spiders?page=0&size=10&sortBy=speciesName", parameters={masked}
2025-09-13 15:38:30 [http-nio-8080-exec-2] DEBUG o.s.w.s.m.m.a.RequestMappingHandlerMapping - Mapped to com.WMS_spiders_wholesale_system.controller.SpiderController#getAllSpiders(int, int, String)
2025-09-13 15:38:30 [http-nio-8080-exec-2] DEBUG org.hibernate.SQL - select s1_0.id,s1_0.is_cites,s1_0.order_id,s1_0.price,s1_0.quantity,s1_0.size,s1_0.species_name,s1_0.type_name from spiders s1_0 order by s1_0.species_name limit ?,?
2025-09-13 15:38:30 [http-nio-8080-exec-2] TRACE org.hibernate.orm.jdbc.bind - binding parameter (1:INTEGER) <- [0]
2025-09-13 15:38:30 [http-nio-8080-exec-2] TRACE org.hibernate.orm.jdbc.bind - binding parameter (2:INTEGER) <- [10]
2025-09-13 15:38:30 [http-nio-8080-exec-2] DEBUG o.s.w.s.m.m.a.HttpEntityMethodProcessor - Using 'application/json', given [*/*] and supported [application/json, application/*+json]
2025-09-13 15:38:30 [http-nio-8080-exec-2] DEBUG o.s.w.s.m.m.a.HttpEntityMethodProcessor - Writing [Page 1 of 1 containing com.WMS_spiders_wholesale_system.dto.SpiderDTO instances]
2025-09-13 15:38:30 [http-nio-8080-exec-2] DEBUG o.s.web.servlet.DispatcherServlet - Completed 200 OK
2025-09-13 15:38:36 [http-nio-8080-exec-3] DEBUG o.s.web.servlet.DispatcherServlet - GET "/api/orders?page=0&size=1000&sortBy=date", parameters={masked}
2025-09-13 15:38:36 [http-nio-8080-exec-3] DEBUG o.s.w.s.m.m.a.RequestMappingHandlerMapping - Mapped to com.WMS_spiders_wholesale_system.controller.OrderController#getAllOrders(int, int, String, String)
2025-09-13 15:38:36 [http-nio-8080-exec-3] DEBUG org.hibernate.SQL - select o1_0.id,c1_0.id,c1_0.address,c1_0.email,c1_0.first_name,c1_0.last_name,c1_0.parcel_locker,c1_0.telephone,o1_0.date,os1_0.order_id,os1_0.id,os1_0.quantity,os1_0.spider_id,o1_0.price,o1_0.status from orders o1_0 left join customers c1_0 on c1_0.id=o1_0.customer_id left join ordered_spiders os1_0 on o1_0.id=os1_0.order_id order by o1_0.date desc
2025-09-13 15:38:36 [http-nio-8080-exec-3] DEBUG o.s.w.s.m.m.a.HttpEntityMethodProcessor - Using 'application/json', given [*/*] and supported [application/json, application/*+json]
2025-09-13 15:38:36 [http-nio-8080-exec-3] DEBUG o.s.w.s.m.m.a.HttpEntityMethodProcessor - Writing [Page 1 of 0 containing UNKNOWN instances]
2025-09-13 15:38:36 [http-nio-8080-exec-3] DEBUG o.s.web.servlet.DispatcherServlet - Completed 200 OK
2025-09-13 15:38:37 [http-nio-8080-exec-5] DEBUG o.s.web.servlet.DispatcherServlet - GET "/api/spiders?page=0&size=1000&sortBy=speciesName", parameters={masked}
2025-09-13 15:38:37 [http-nio-8080-exec-4] DEBUG o.s.web.servlet.DispatcherServlet - GET "/api/customers?page=0&size=1000&sortBy=lastName", parameters={masked}
2025-09-13 15:38:37 [http-nio-8080-exec-4] DEBUG o.s.w.s.m.m.a.RequestMappingHandlerMapping - Mapped to com.WMS_spiders_wholesale_system.controller.CustomerController#getAllCustomers(int, int, String)
2025-09-13 15:38:37 [http-nio-8080-exec-5] DEBUG o.s.w.s.m.m.a.RequestMappingHandlerMapping - Mapped to com.WMS_spiders_wholesale_system.controller.SpiderController#getAllSpiders(int, int, String)
2025-09-13 15:38:37 [http-nio-8080-exec-4] DEBUG org.hibernate.SQL - select c1_0.id,c1_0.address,c1_0.email,c1_0.first_name,c1_0.last_name,c1_0.parcel_locker,c1_0.telephone from customers c1_0 order by c1_0.last_name limit ?,?
2025-09-13 15:38:37 [http-nio-8080-exec-4] TRACE org.hibernate.orm.jdbc.bind - binding parameter (1:INTEGER) <- [0]
2025-09-13 15:38:37 [http-nio-8080-exec-4] TRACE org.hibernate.orm.jdbc.bind - binding parameter (2:INTEGER) <- [1000]
2025-09-13 15:38:37 [http-nio-8080-exec-5] DEBUG org.hibernate.SQL - select s1_0.id,s1_0.is_cites,s1_0.order_id,s1_0.price,s1_0.quantity,s1_0.size,s1_0.species_name,s1_0.type_name from spiders s1_0 order by s1_0.species_name limit ?,?
2025-09-13 15:38:37 [http-nio-8080-exec-5] TRACE org.hibernate.orm.jdbc.bind - binding parameter (1:INTEGER) <- [0]
2025-09-13 15:38:37 [http-nio-8080-exec-5] TRACE org.hibernate.orm.jdbc.bind - binding parameter (2:INTEGER) <- [1000]
2025-09-13 15:38:37 [http-nio-8080-exec-4] DEBUG o.s.w.s.m.m.a.HttpEntityMethodProcessor - Using 'application/json', given [*/*] and supported [application/json, application/*+json]
2025-09-13 15:38:37 [http-nio-8080-exec-4] DEBUG o.s.w.s.m.m.a.HttpEntityMethodProcessor - Writing [Page 1 of 1 containing com.WMS_spiders_wholesale_system.dto.CustomerDTO instances]
2025-09-13 15:38:37 [http-nio-8080-exec-4] DEBUG o.s.web.servlet.DispatcherServlet - Completed 200 OK
2025-09-13 15:38:37 [http-nio-8080-exec-5] DEBUG o.s.w.s.m.m.a.HttpEntityMethodProcessor - Using 'application/json', given [*/*] and supported [application/json, application/*+json]
2025-09-13 15:38:37 [http-nio-8080-exec-5] DEBUG o.s.w.s.m.m.a.HttpEntityMethodProcessor - Writing [Page 1 of 1 containing com.WMS_spiders_wholesale_system.dto.SpiderDTO instances]
2025-09-13 15:38:37 [http-nio-8080-exec-5] DEBUG o.s.web.servlet.DispatcherServlet - Completed 200 OK
2025-09-13 15:38:39 [http-nio-8080-exec-7] DEBUG o.s.web.servlet.DispatcherServlet - GET "/api/customers/42ff648b-07b2-43e6-9274-ffbedff2b44d", parameters={}
2025-09-13 15:38:39 [http-nio-8080-exec-7] DEBUG o.s.w.s.m.m.a.RequestMappingHandlerMapping - Mapped to com.WMS_spiders_wholesale_system.controller.CustomerController#getCustomerById(UUID)
2025-09-13 15:38:39 [http-nio-8080-exec-7] DEBUG org.hibernate.SQL - select c1_0.id,c1_0.address,c1_0.email,c1_0.first_name,c1_0.last_name,c1_0.parcel_locker,c1_0.telephone from customers c1_0 where c1_0.id=?
2025-09-13 15:38:39 [http-nio-8080-exec-7] TRACE org.hibernate.orm.jdbc.bind - binding parameter (1:VARCHAR) <- [42ff648b-07b2-43e6-9274-ffbedff2b44d]
2025-09-13 15:38:39 [http-nio-8080-exec-7] DEBUG o.s.w.s.m.m.a.HttpEntityMethodProcessor - Using 'application/json', given [*/*] and supported [application/json, application/*+json]
2025-09-13 15:38:39 [http-nio-8080-exec-7] DEBUG o.s.w.s.m.m.a.HttpEntityMethodProcessor - Writing [com.WMS_spiders_wholesale_system.dto.CustomerDTO@4d9a010b]
2025-09-13 15:38:39 [http-nio-8080-exec-7] DEBUG o.s.web.servlet.DispatcherServlet - Completed 200 OK
2025-09-13 15:38:55 [http-nio-8080-exec-6] DEBUG o.s.web.servlet.DispatcherServlet - POST "/api/orders", parameters={}
2025-09-13 15:38:55 [http-nio-8080-exec-6] DEBUG o.s.w.s.m.m.a.RequestMappingHandlerMapping - Mapped to com.WMS_spiders_wholesale_system.controller.OrderController#createOrder(OrderDTO)
2025-09-13 15:38:55 [http-nio-8080-exec-6] DEBUG o.s.w.s.m.m.a.RequestResponseBodyMethodProcessor - Read "application/json;charset=UTF-8" to [com.WMS_spiders_wholesale_system.dto.OrderDTO@2ae4166c]
2025-09-13 15:38:55 [http-nio-8080-exec-6] INFO  c.W.controller.OrderController - Received request to create a new order.
2025-09-13 15:38:55 [http-nio-8080-exec-6] DEBUG org.hibernate.SQL - select c1_0.id,c1_0.address,c1_0.email,c1_0.first_name,c1_0.last_name,c1_0.parcel_locker,c1_0.telephone from customers c1_0 where c1_0.id=?
2025-09-13 15:38:55 [http-nio-8080-exec-6] TRACE org.hibernate.orm.jdbc.bind - binding parameter (1:VARCHAR) <- [42ff648b-07b2-43e6-9274-ffbedff2b44d]
2025-09-13 15:38:55 [http-nio-8080-exec-6] DEBUG org.hibernate.SQL - select s1_0.id,s1_0.is_cites,o1_0.id,o1_0.customer_id,o1_0.date,o1_0.price,o1_0.status,s1_0.price,s1_0.quantity,s1_0.size,s1_0.species_name,s1_0.type_name from spiders s1_0 left join orders o1_0 on o1_0.id=s1_0.order_id where s1_0.id=?
2025-09-13 15:38:55 [http-nio-8080-exec-6] TRACE org.hibernate.orm.jdbc.bind - binding parameter (1:VARCHAR) <- [0f0a65ae-3a16-4bc6-9c1f-4a4cdd6719f0]
2025-09-13 15:38:55 [http-nio-8080-exec-6] DEBUG org.hibernate.SQL - select s1_0.id,s1_0.is_cites,o1_0.id,o1_0.customer_id,o1_0.date,o1_0.price,o1_0.status,s1_0.price,s1_0.quantity,s1_0.size,s1_0.species_name,s1_0.type_name from spiders s1_0 left join orders o1_0 on o1_0.id=s1_0.order_id where s1_0.id=?
2025-09-13 15:38:55 [http-nio-8080-exec-6] TRACE org.hibernate.orm.jdbc.bind - binding parameter (1:VARCHAR) <- [c77e1e3d-ca26-4927-98bf-847756cddfe2]
2025-09-13 15:38:55 [http-nio-8080-exec-6] DEBUG org.hibernate.SQL - insert into orders (customer_id,date,price,status,id) values (?,?,?,?,?)
2025-09-13 15:38:55 [http-nio-8080-exec-6] TRACE org.hibernate.orm.jdbc.bind - binding parameter (1:VARCHAR) <- [42ff648b-07b2-43e6-9274-ffbedff2b44d]
2025-09-13 15:38:55 [http-nio-8080-exec-6] TRACE org.hibernate.orm.jdbc.bind - binding parameter (2:DATE) <- [2025-09-13]
2025-09-13 15:38:55 [http-nio-8080-exec-6] TRACE org.hibernate.orm.jdbc.bind - binding parameter (3:DOUBLE) <- [870.0]
2025-09-13 15:38:55 [http-nio-8080-exec-6] TRACE org.hibernate.orm.jdbc.bind - binding parameter (4:ENUM) <- [NEW]
2025-09-13 15:38:55 [http-nio-8080-exec-6] TRACE org.hibernate.orm.jdbc.bind - binding parameter (5:VARCHAR) <- [9253c976-cf96-4871-b186-477a9e63712a]
2025-09-13 15:38:55 [http-nio-8080-exec-6] DEBUG org.hibernate.SQL - insert into ordered_spiders (order_id,quantity,spider_id,id) values (?,?,?,?)
2025-09-13 15:38:55 [http-nio-8080-exec-6] TRACE org.hibernate.orm.jdbc.bind - binding parameter (1:VARCHAR) <- [9253c976-cf96-4871-b186-477a9e63712a]
2025-09-13 15:38:55 [http-nio-8080-exec-6] TRACE org.hibernate.orm.jdbc.bind - binding parameter (2:INTEGER) <- [1]
2025-09-13 15:38:55 [http-nio-8080-exec-6] TRACE org.hibernate.orm.jdbc.bind - binding parameter (3:VARCHAR) <- [0f0a65ae-3a16-4bc6-9c1f-4a4cdd6719f0]
2025-09-13 15:38:55 [http-nio-8080-exec-6] TRACE org.hibernate.orm.jdbc.bind - binding parameter (4:VARCHAR) <- [441b80af-a60c-4f69-a0bc-47de8bf3774c]
2025-09-13 15:38:55 [http-nio-8080-exec-6] DEBUG org.hibernate.SQL - insert into ordered_spiders (order_id,quantity,spider_id,id) values (?,?,?,?)
2025-09-13 15:38:55 [http-nio-8080-exec-6] TRACE org.hibernate.orm.jdbc.bind - binding parameter (1:VARCHAR) <- [9253c976-cf96-4871-b186-477a9e63712a]
2025-09-13 15:38:55 [http-nio-8080-exec-6] TRACE org.hibernate.orm.jdbc.bind - binding parameter (2:INTEGER) <- [12]
2025-09-13 15:38:55 [http-nio-8080-exec-6] TRACE org.hibernate.orm.jdbc.bind - binding parameter (3:VARCHAR) <- [c77e1e3d-ca26-4927-98bf-847756cddfe2]
2025-09-13 15:38:55 [http-nio-8080-exec-6] TRACE org.hibernate.orm.jdbc.bind - binding parameter (4:VARCHAR) <- [ef0a6be8-2983-4df8-8f8e-6c09c385e223]
2025-09-13 15:38:55 [http-nio-8080-exec-6] DEBUG o.s.w.s.m.m.a.HttpEntityMethodProcessor - Using 'application/json', given [*/*] and supported [application/json, application/*+json]
2025-09-13 15:38:55 [http-nio-8080-exec-6] DEBUG o.s.w.s.m.m.a.HttpEntityMethodProcessor - Writing [com.WMS_spiders_wholesale_system.dto.OrderDTO@72ff20bb]
2025-09-13 15:38:55 [http-nio-8080-exec-6] DEBUG o.s.web.servlet.DispatcherServlet - Completed 201 CREATED
2025-09-13 15:38:56 [http-nio-8080-exec-8] DEBUG o.s.web.servlet.DispatcherServlet - GET "/api/orders?page=0&size=1000&sortBy=date", parameters={masked}
2025-09-13 15:38:56 [http-nio-8080-exec-8] DEBUG o.s.w.s.m.m.a.RequestMappingHandlerMapping - Mapped to com.WMS_spiders_wholesale_system.controller.OrderController#getAllOrders(int, int, String, String)
2025-09-13 15:38:56 [http-nio-8080-exec-8] DEBUG org.hibernate.SQL - select o1_0.id,c1_0.id,c1_0.address,c1_0.email,c1_0.first_name,c1_0.last_name,c1_0.parcel_locker,c1_0.telephone,o1_0.date,os1_0.order_id,os1_0.id,os1_0.quantity,os1_0.spider_id,o1_0.price,o1_0.status from orders o1_0 left join customers c1_0 on c1_0.id=o1_0.customer_id left join ordered_spiders os1_0 on o1_0.id=os1_0.order_id order by o1_0.date desc
2025-09-13 15:38:56 [http-nio-8080-exec-8] DEBUG org.hibernate.SQL - select s1_0.id,s1_0.is_cites,o1_0.id,o1_0.customer_id,o1_0.date,o1_0.price,o1_0.status,s1_0.price,s1_0.quantity,s1_0.size,s1_0.species_name,s1_0.type_name from spiders s1_0 left join orders o1_0 on o1_0.id=s1_0.order_id where s1_0.id=?
2025-09-13 15:38:56 [http-nio-8080-exec-8] TRACE org.hibernate.orm.jdbc.bind - binding parameter (1:VARCHAR) <- [0f0a65ae-3a16-4bc6-9c1f-4a4cdd6719f0]
2025-09-13 15:38:56 [http-nio-8080-exec-8] DEBUG org.hibernate.SQL - select s1_0.id,s1_0.is_cites,o1_0.id,o1_0.customer_id,o1_0.date,o1_0.price,o1_0.status,s1_0.price,s1_0.quantity,s1_0.size,s1_0.species_name,s1_0.type_name from spiders s1_0 left join orders o1_0 on o1_0.id=s1_0.order_id where s1_0.id=?
2025-09-13 15:38:56 [http-nio-8080-exec-8] TRACE org.hibernate.orm.jdbc.bind - binding parameter (1:VARCHAR) <- [c77e1e3d-ca26-4927-98bf-847756cddfe2]
2025-09-13 15:38:56 [http-nio-8080-exec-8] DEBUG o.s.w.s.m.m.a.HttpEntityMethodProcessor - Using 'application/json', given [*/*] and supported [application/json, application/*+json]
2025-09-13 15:38:56 [http-nio-8080-exec-8] DEBUG o.s.w.s.m.m.a.HttpEntityMethodProcessor - Writing [Page 1 of 1 containing com.WMS_spiders_wholesale_system.dto.OrderDTO instances]
2025-09-13 15:38:56 [http-nio-8080-exec-8] DEBUG o.s.web.servlet.DispatcherServlet - Completed 200 OK
2025-09-13 15:38:56 [http-nio-8080-exec-9] DEBUG o.s.web.servlet.DispatcherServlet - GET "/api/orders?page=0&size=1000&sortBy=date", parameters={masked}
2025-09-13 15:38:56 [http-nio-8080-exec-9] DEBUG o.s.w.s.m.m.a.RequestMappingHandlerMapping - Mapped to com.WMS_spiders_wholesale_system.controller.OrderController#getAllOrders(int, int, String, String)
2025-09-13 15:38:56 [http-nio-8080-exec-9] DEBUG org.hibernate.SQL - select o1_0.id,c1_0.id,c1_0.address,c1_0.email,c1_0.first_name,c1_0.last_name,c1_0.parcel_locker,c1_0.telephone,o1_0.date,os1_0.order_id,os1_0.id,os1_0.quantity,os1_0.spider_id,o1_0.price,o1_0.status from orders o1_0 left join customers c1_0 on c1_0.id=o1_0.customer_id left join ordered_spiders os1_0 on o1_0.id=os1_0.order_id order by o1_0.date desc
2025-09-13 15:38:56 [http-nio-8080-exec-9] DEBUG org.hibernate.SQL - select s1_0.id,s1_0.is_cites,o1_0.id,o1_0.customer_id,o1_0.date,o1_0.price,o1_0.status,s1_0.price,s1_0.quantity,s1_0.size,s1_0.species_name,s1_0.type_name from spiders s1_0 left join orders o1_0 on o1_0.id=s1_0.order_id where s1_0.id=?
2025-09-13 15:38:56 [http-nio-8080-exec-9] TRACE org.hibernate.orm.jdbc.bind - binding parameter (1:VARCHAR) <- [0f0a65ae-3a16-4bc6-9c1f-4a4cdd6719f0]
2025-09-13 15:38:56 [http-nio-8080-exec-9] DEBUG org.hibernate.SQL - select s1_0.id,s1_0.is_cites,o1_0.id,o1_0.customer_id,o1_0.date,o1_0.price,o1_0.status,s1_0.price,s1_0.quantity,s1_0.size,s1_0.species_name,s1_0.type_name from spiders s1_0 left join orders o1_0 on o1_0.id=s1_0.order_id where s1_0.id=?
2025-09-13 15:38:56 [http-nio-8080-exec-9] TRACE org.hibernate.orm.jdbc.bind - binding parameter (1:VARCHAR) <- [c77e1e3d-ca26-4927-98bf-847756cddfe2]
2025-09-13 15:38:56 [http-nio-8080-exec-9] DEBUG o.s.w.s.m.m.a.HttpEntityMethodProcessor - Using 'application/json', given [*/*] and supported [application/json, application/*+json]
2025-09-13 15:38:56 [http-nio-8080-exec-9] DEBUG o.s.w.s.m.m.a.HttpEntityMethodProcessor - Writing [Page 1 of 1 containing com.WMS_spiders_wholesale_system.dto.OrderDTO instances]
2025-09-13 15:38:56 [http-nio-8080-exec-9] DEBUG o.s.web.servlet.DispatcherServlet - Completed 200 OK
2025-09-13 17:03:12 [http-nio-8080-exec-2] DEBUG o.s.web.servlet.DispatcherServlet - GET "/index.html", parameters={}
2025-09-13 17:03:12 [http-nio-8080-exec-2] DEBUG o.s.w.s.h.SimpleUrlHandlerMapping - Mapped to ResourceHttpRequestHandler [classpath [META-INF/resources/], classpath [resources/], classpath [static/], classpath [public/], ServletContext [/]]
2025-09-13 17:03:12 [http-nio-8080-exec-2] DEBUG o.s.web.servlet.DispatcherServlet - Completed 200 OK
2025-09-13 17:03:14 [http-nio-8080-exec-3] DEBUG o.s.web.servlet.DispatcherServlet - GET "/api/orders?page=0&size=1000&sortBy=date", parameters={masked}
2025-09-13 17:03:14 [http-nio-8080-exec-3] DEBUG o.s.w.s.m.m.a.RequestMappingHandlerMapping - Mapped to com.WMS_spiders_wholesale_system.controller.OrderController#getAllOrders(int, int, String, String)
2025-09-13 17:03:14 [http-nio-8080-exec-3] DEBUG org.hibernate.SQL - select o1_0.id,c1_0.id,c1_0.address,c1_0.email,c1_0.first_name,c1_0.last_name,c1_0.parcel_locker,c1_0.telephone,o1_0.date,os1_0.order_id,os1_0.id,os1_0.quantity,os1_0.spider_id,o1_0.price,o1_0.status from orders o1_0 left join customers c1_0 on c1_0.id=o1_0.customer_id left join ordered_spiders os1_0 on o1_0.id=os1_0.order_id order by o1_0.date desc
2025-09-13 17:03:14 [http-nio-8080-exec-3] DEBUG org.hibernate.SQL - select s1_0.id,s1_0.is_cites,o1_0.id,o1_0.customer_id,o1_0.date,o1_0.price,o1_0.status,s1_0.price,s1_0.quantity,s1_0.size,s1_0.species_name,s1_0.type_name from spiders s1_0 left join orders o1_0 on o1_0.id=s1_0.order_id where s1_0.id=?
2025-09-13 17:03:14 [http-nio-8080-exec-3] TRACE org.hibernate.orm.jdbc.bind - binding parameter (1:VARCHAR) <- [c77e1e3d-ca26-4927-98bf-847756cddfe2]
2025-09-13 17:03:14 [http-nio-8080-exec-3] DEBUG org.hibernate.SQL - select s1_0.id,s1_0.is_cites,o1_0.id,o1_0.customer_id,o1_0.date,o1_0.price,o1_0.status,s1_0.price,s1_0.quantity,s1_0.size,s1_0.species_name,s1_0.type_name from spiders s1_0 left join orders o1_0 on o1_0.id=s1_0.order_id where s1_0.id=?
2025-09-13 17:03:14 [http-nio-8080-exec-3] TRACE org.hibernate.orm.jdbc.bind - binding parameter (1:VARCHAR) <- [0f0a65ae-3a16-4bc6-9c1f-4a4cdd6719f0]
2025-09-13 17:03:14 [http-nio-8080-exec-3] DEBUG o.s.w.s.m.m.a.HttpEntityMethodProcessor - Using 'application/json', given [*/*] and supported [application/json, application/*+json]
2025-09-13 17:03:14 [http-nio-8080-exec-3] DEBUG o.s.w.s.m.m.a.HttpEntityMethodProcessor - Writing [Page 1 of 1 containing com.WMS_spiders_wholesale_system.dto.OrderDTO instances]
2025-09-13 17:03:14 [http-nio-8080-exec-3] DEBUG o.s.web.servlet.DispatcherServlet - Completed 200 OK
2025-09-13 17:03:17 [http-nio-8080-exec-4] DEBUG o.s.web.servlet.DispatcherServlet - GET "/api/orders/9253c976-cf96-4871-b186-477a9e63712a", parameters={}
2025-09-13 17:03:17 [http-nio-8080-exec-4] DEBUG o.s.w.s.m.m.a.RequestMappingHandlerMapping - Mapped to com.WMS_spiders_wholesale_system.controller.OrderController#getOrderById(UUID)
2025-09-13 17:03:17 [http-nio-8080-exec-4] DEBUG org.hibernate.SQL - select o1_0.id,c1_0.id,c1_0.address,c1_0.email,c1_0.first_name,c1_0.last_name,c1_0.parcel_locker,c1_0.telephone,o1_0.date,o1_0.price,o1_0.status,os1_0.order_id,os1_0.id,os1_0.quantity,os1_0.spider_id from orders o1_0 left join customers c1_0 on c1_0.id=o1_0.customer_id left join ordered_spiders os1_0 on o1_0.id=os1_0.order_id where o1_0.id=?
2025-09-13 17:03:17 [http-nio-8080-exec-4] TRACE org.hibernate.orm.jdbc.bind - binding parameter (1:VARCHAR) <- [9253c976-cf96-4871-b186-477a9e63712a]
2025-09-13 17:03:17 [http-nio-8080-exec-4] DEBUG org.hibernate.SQL - select s1_0.id,s1_0.is_cites,o1_0.id,o1_0.customer_id,o1_0.date,o1_0.price,o1_0.status,s1_0.price,s1_0.quantity,s1_0.size,s1_0.species_name,s1_0.type_name from spiders s1_0 left join orders o1_0 on o1_0.id=s1_0.order_id where s1_0.id=?
2025-09-13 17:03:17 [http-nio-8080-exec-4] TRACE org.hibernate.orm.jdbc.bind - binding parameter (1:VARCHAR) <- [0f0a65ae-3a16-4bc6-9c1f-4a4cdd6719f0]
2025-09-13 17:03:17 [http-nio-8080-exec-4] DEBUG org.hibernate.SQL - select s1_0.id,s1_0.is_cites,o1_0.id,o1_0.customer_id,o1_0.date,o1_0.price,o1_0.status,s1_0.price,s1_0.quantity,s1_0.size,s1_0.species_name,s1_0.type_name from spiders s1_0 left join orders o1_0 on o1_0.id=s1_0.order_id where s1_0.id=?
2025-09-13 17:03:17 [http-nio-8080-exec-4] TRACE org.hibernate.orm.jdbc.bind - binding parameter (1:VARCHAR) <- [c77e1e3d-ca26-4927-98bf-847756cddfe2]
2025-09-13 17:03:17 [http-nio-8080-exec-4] DEBUG o.s.w.s.m.m.a.HttpEntityMethodProcessor - Using 'application/json', given [*/*] and supported [application/json, application/*+json]
2025-09-13 17:03:17 [http-nio-8080-exec-4] DEBUG o.s.w.s.m.m.a.HttpEntityMethodProcessor - Writing [com.WMS_spiders_wholesale_system.dto.OrderDTO@16c793d8]
2025-09-13 17:03:17 [http-nio-8080-exec-4] DEBUG o.s.web.servlet.DispatcherServlet - Completed 200 OK
2025-09-13 17:38:43 [HikariPool-1:housekeeper] WARN  com.zaxxer.hikari.pool.HikariPool - HikariPool-1 - Thread starvation or clock leap detected (housekeeper delta=34m27s918ms).
2025-09-13 19:04:45 [HikariPool-1:housekeeper] WARN  com.zaxxer.hikari.pool.HikariPool - HikariPool-1 - Thread starvation or clock leap detected (housekeeper delta=1h26m1s758ms).
2025-09-13 19:56:03 [HikariPool-1:housekeeper] WARN  com.zaxxer.hikari.pool.HikariPool - HikariPool-1 - Thread starvation or clock leap detected (housekeeper delta=51m17s969ms).
2025-09-13 21:14:32 [http-nio-8080-exec-6] DEBUG o.s.web.servlet.DispatcherServlet - GET "/index.html", parameters={}
2025-09-13 21:14:32 [http-nio-8080-exec-6] DEBUG o.s.w.s.h.SimpleUrlHandlerMapping - Mapped to ResourceHttpRequestHandler [classpath [META-INF/resources/], classpath [resources/], classpath [static/], classpath [public/], ServletContext [/]]
2025-09-13 21:14:32 [http-nio-8080-exec-6] DEBUG o.s.web.servlet.DispatcherServlet - Completed 200 OK
2025-09-13 21:14:33 [http-nio-8080-exec-8] DEBUG o.s.web.servlet.DispatcherServlet - GET "/api/orders?page=0&size=1000&sortBy=date", parameters={masked}
2025-09-13 21:14:33 [http-nio-8080-exec-8] DEBUG o.s.w.s.m.m.a.RequestMappingHandlerMapping - Mapped to com.WMS_spiders_wholesale_system.controller.OrderController#getAllOrders(int, int, String, String)
2025-09-13 21:14:33 [http-nio-8080-exec-8] DEBUG org.hibernate.SQL - select o1_0.id,c1_0.id,c1_0.address,c1_0.email,c1_0.first_name,c1_0.last_name,c1_0.parcel_locker,c1_0.telephone,o1_0.date,os1_0.order_id,os1_0.id,os1_0.quantity,os1_0.spider_id,o1_0.price,o1_0.status from orders o1_0 left join customers c1_0 on c1_0.id=o1_0.customer_id left join ordered_spiders os1_0 on o1_0.id=os1_0.order_id order by o1_0.date desc
2025-09-13 21:14:33 [http-nio-8080-exec-8] DEBUG org.hibernate.SQL - select s1_0.id,s1_0.is_cites,o1_0.id,o1_0.customer_id,o1_0.date,o1_0.price,o1_0.status,s1_0.price,s1_0.quantity,s1_0.size,s1_0.species_name,s1_0.type_name from spiders s1_0 left join orders o1_0 on o1_0.id=s1_0.order_id where s1_0.id=?
2025-09-13 21:14:33 [http-nio-8080-exec-8] TRACE org.hibernate.orm.jdbc.bind - binding parameter (1:VARCHAR) <- [c77e1e3d-ca26-4927-98bf-847756cddfe2]
2025-09-13 21:14:33 [http-nio-8080-exec-8] DEBUG org.hibernate.SQL - select s1_0.id,s1_0.is_cites,o1_0.id,o1_0.customer_id,o1_0.date,o1_0.price,o1_0.status,s1_0.price,s1_0.quantity,s1_0.size,s1_0.species_name,s1_0.type_name from spiders s1_0 left join orders o1_0 on o1_0.id=s1_0.order_id where s1_0.id=?
2025-09-13 21:14:33 [http-nio-8080-exec-8] TRACE org.hibernate.orm.jdbc.bind - binding parameter (1:VARCHAR) <- [0f0a65ae-3a16-4bc6-9c1f-4a4cdd6719f0]
2025-09-13 21:14:33 [http-nio-8080-exec-8] DEBUG o.s.w.s.m.m.a.HttpEntityMethodProcessor - Using 'application/json', given [*/*] and supported [application/json, application/*+json]
2025-09-13 21:14:33 [http-nio-8080-exec-8] DEBUG o.s.w.s.m.m.a.HttpEntityMethodProcessor - Writing [Page 1 of 1 containing com.WMS_spiders_wholesale_system.dto.OrderDTO instances]
2025-09-13 21:14:33 [http-nio-8080-exec-8] DEBUG o.s.web.servlet.DispatcherServlet - Completed 200 OK
